000 (7661751.001.000) 06/06 15:15:57 Job submitted from host: <188.185.16.120:9618?addrs=188.185.16.120-9618+[2001-1458-d00-65--100-39b]-9618&alias=bigbird27.cern.ch&noUDP&sock=schedd_4465_3274>
...
040 (7661751.001.000) 06/06 15:18:08 Started transferring input files
	Transferring to host: <188.185.207.142:9618?addrs=188.185.207.142-9618+[2001-1458-303-e--100-b]-9618&alias=b9p08p2129.cern.ch&noUDP&sock=slot1_9_9047_2e09_4927>
...
040 (7661751.001.000) 06/06 15:18:08 Finished transferring input files
...
001 (7661751.001.000) 06/06 15:18:09 Job executing on host: <188.185.207.142:9618?addrs=188.185.207.142-9618+[2001-1458-303-e--100-b]-9618&alias=b9p08p2129.cern.ch&noUDP&sock=startd_8995_667a>
	SlotName: slot1_9@b9p08p2129.cern.ch
	CondorScratchDir = "/pool/condor/dir_2575900"
	Cpus = 1
	Disk = 3607
	GPUs = 0
	Memory = 3000
...
006 (7661751.001.000) 06/06 15:18:23 Image size of job updated: 63920
	63  -  MemoryUsage of job (MB)
	63920  -  ResidentSetSize of job (KB)
...
006 (7661751.001.000) 06/06 15:23:24 Image size of job updated: 323044
	310  -  MemoryUsage of job (MB)
	316992  -  ResidentSetSize of job (KB)
...
006 (7661751.001.000) 06/06 15:27:45 Image size of job updated: 323836
	310  -  MemoryUsage of job (MB)
	316992  -  ResidentSetSize of job (KB)
...
040 (7661751.001.000) 06/06 15:27:45 Started transferring output files
...
040 (7661751.001.000) 06/06 15:27:45 Finished transferring output files
...
005 (7661751.001.000) 06/06 15:27:45 Job terminated.
	(1) Normal termination (return value 0)
		Usr 0 00:07:48, Sys 0 00:00:10  -  Run Remote Usage
		Usr 0 00:00:00, Sys 0 00:00:00  -  Run Local Usage
		Usr 0 00:07:48, Sys 0 00:00:10  -  Total Remote Usage
		Usr 0 00:00:00, Sys 0 00:00:00  -  Total Local Usage
	8730615  -  Run Bytes Sent By Job
	3683  -  Run Bytes Received By Job
	8730615  -  Total Bytes Sent By Job
	3683  -  Total Bytes Received By Job
	Partitionable Resources :    Usage  Request Allocated 
	   Cpus                 :     0.26        1         1 
	   Disk (KB)            :  8554          10      3607 
	   GPUs                 :                           0 
	   Memory (MB)          :   310        3000      3000 

	Job terminated of its own accord at 2025-06-06T13:27:45Z with exit-code 0.
...
